TN:
SF:src\model\Manager.ts
FN:1,(anonymous_0)
FN:10,auto_increment
FN:25,(anonymous_2)
FN:51,(anonymous_3)
FN:55,(anonymous_4)
FN:59,(anonymous_5)
FN:61,(anonymous_6)
FN:65,(anonymous_7)
FN:70,(anonymous_8)
FN:73,(anonymous_9)
FNF:10
FNH:5
FNDA:1,(anonymous_0)
FNDA:1,auto_increment
FNDA:1,(anonymous_2)
FNDA:0,(anonymous_3)
FNDA:1,(anonymous_4)
FNDA:0,(anonymous_5)
FNDA:0,(anonymous_6)
FNDA:1,(anonymous_7)
FNDA:0,(anonymous_8)
FNDA:0,(anonymous_9)
DA:1,1
DA:2,1
DA:3,1
DA:4,1
DA:5,1
DA:6,1
DA:7,1
DA:11,1
DA:12,1
DA:13,1
DA:17,1
DA:38,1
DA:39,1
DA:40,1
DA:41,1
DA:42,1
DA:43,1
DA:44,1
DA:48,1
DA:49,1
DA:52,0
DA:56,1
DA:60,0
DA:61,0
DA:66,1
DA:67,1
DA:71,0
DA:72,0
DA:73,0
DA:74,0
DA:75,0
DA:78,0
DA:80,0
DA:83,0
LF:34
LH:23
BRDA:1,0,0,1
BRDA:1,0,1,1
BRDA:25,1,0,1
BRDA:40,2,0,1
BRDA:40,2,1,0
BRDA:41,3,0,1
BRDA:41,3,1,0
BRDA:42,4,0,1
BRDA:42,4,1,0
BRDA:43,5,0,1
BRDA:43,5,1,0
BRDA:44,6,0,1
BRDA:44,6,1,0
BRDA:71,7,0,0
BRDA:71,7,1,0
BRDA:74,8,0,0
BRF:16
BRH:8
end_of_record
